\BOOKMARK [0][-]{chapter.1}{Introduction}{}% 1
\BOOKMARK [1][-]{section.1.1}{Preamble}{chapter.1}% 2
\BOOKMARK [1][-]{section.1.2}{Motivation}{chapter.1}% 3
\BOOKMARK [1][-]{section.1.3}{Objective}{chapter.1}% 4
\BOOKMARK [1][-]{section.1.4}{Outline}{chapter.1}% 5
\BOOKMARK [2][-]{subsection.1.4.1}{This is a sub section}{section.1.4}% 6
\BOOKMARK [3][-]{subsubsection.1.4.1.1}{This is a subsubsection}{subsection.1.4.1}% 7
\BOOKMARK [0][-]{chapter.2}{Literature Review}{}% 8
\BOOKMARK [1][-]{section.2.1}{Introduction}{chapter.2}% 9
\BOOKMARK [2][-]{subsection.2.1.1}{This is a sub section}{section.2.1}% 10
\BOOKMARK [1][-]{section.2.2}{Conclusion}{chapter.2}% 11
\BOOKMARK [2][-]{subsection.2.2.1}{This is a sub section}{section.2.2}% 12
\BOOKMARK [0][-]{chapter.3}{Design/Implementation\(whichever applicable\)}{}% 13
\BOOKMARK [1][-]{section.3.1}{Problem Statement}{chapter.3}% 14
\BOOKMARK [2][-]{subsection.3.1.1}{This is a sub section}{section.3.1}% 15
\BOOKMARK [0][-]{chapter.4}{System Analysis}{}% 16
\BOOKMARK [1][-]{section.4.1}{Observations}{chapter.4}% 17
\BOOKMARK [2][-]{subsection.4.1.1}{This is a sub section}{section.4.1}% 18
\BOOKMARK [1][-]{section.4.2}{Results}{chapter.4}% 19
\BOOKMARK [1][-]{section.4.3}{Discussion}{chapter.4}% 20
\BOOKMARK [0][-]{chapter.5}{Conclusion}{}% 21
\BOOKMARK [1][-]{section.5.1}{General Conclusion}{chapter.5}% 22
\BOOKMARK [2][-]{subsection.5.1.1}{This is a sub section}{section.5.1}% 23
\BOOKMARK [1][-]{section.5.2}{Challenges}{chapter.5}% 24
\BOOKMARK [1][-]{section.5.3}{Future Work}{chapter.5}% 25
\BOOKMARK [0][-]{section*.15}{Appendices}{}% 26
\BOOKMARK [0][-]{Appendix.a.A}{Appendix}{}% 27
\BOOKMARK [0][-]{Appendix.a.B}{Data Sheets}{}% 28
